<?xml version="1.0" encoding="UTF-8"?>
<!-- Generated by org.testng.reporters.JUnitReportReporter -->
<testsuite hostname="Lenovo" failures="0" tests="2" name="com.capstone.AadharRegister" time="136.051" errors="0" timestamp="2022-10-20T21:00:11 IST" skipped="0">
  <testcase classname="com.capstone.AadharRegister" name="ChromeBrowser" time="39.949"/>
  <system-out/>
  <testcase classname="com.capstone.AadharRegister" name="TestHome" time="96.102"/>
  <system-out/>
</testsuite> <!-- com.capstone.AadharRegister -->
