<?xml version="1.0" encoding="UTF-8"?>
<!-- Generated by org.testng.reporters.JUnitReportReporter -->
<testsuite hostname="Lenovo" failures="0" tests="2" name="com.capstone.AadharAdmin" time="46.255" errors="0" timestamp="2022-10-20T20:38:10 IST" skipped="0">
  <testcase classname="com.capstone.AadharAdmin" name="TestHome" time="26.029"/>
  <system-out/>
  <testcase classname="com.capstone.AadharAdmin" name="ChromeBrowser" time="20.226"/>
  <system-out/>
</testsuite> <!-- com.capstone.AadharAdmin -->
