<?xml version="1.0" encoding="UTF-8"?>
<!-- Generated by org.testng.reporters.JUnitReportReporter -->
<testsuite hostname="Lenovo" failures="0" tests="2" name="com.capstone.AadharCitizen" time="120.178" errors="0" timestamp="2022-10-20T21:10:51 IST" skipped="0">
  <testcase classname="com.capstone.AadharCitizen" name="ChromeBrowser" time="65.379"/>
  <system-out/>
  <testcase classname="com.capstone.AadharCitizen" name="CitizenCheck" time="54.799"/>
  <system-out/>
</testsuite> <!-- com.capstone.AadharCitizen -->
